<?xml version="1.0" encoding="UTF-8"?>
<testng-results skipped="0" failed="0" ignored="0" total="2" passed="2">
  <reporter-output>
  </reporter-output>
  <suite name="Default suite" duration-ms="120" started-at="2022-10-16T10:01:01Z" finished-at="2022-10-16T10:01:01Z">
    <groups>
    </groups>
    <test name="Default test" duration-ms="120" started-at="2022-10-16T10:01:01Z" finished-at="2022-10-16T10:01:01Z">
      <class name="com.tst.Testng">
        <test-method status="PASS" signature="test1()[pri:0, instance:com.tst.Testng@59ec2012]" name="test1" is-config="true" duration-ms="43" started-at="2022-10-16T10:01:01Z" finished-at="2022-10-16T10:01:01Z">
          <reporter-output>
          </reporter-output>
        </test-method> <!-- test1 -->
        <test-method status="PASS" signature="test3()[pri:0, instance:com.tst.Testng@59ec2012]" name="test3" is-config="true" duration-ms="0" started-at="2022-10-16T10:01:01Z" finished-at="2022-10-16T10:01:01Z">
          <reporter-output>
          </reporter-output>
        </test-method> <!-- test3 -->
        <test-method status="PASS" signature="tset5()[pri:0, instance:com.tst.Testng@59ec2012]" name="tset5" is-config="true" duration-ms="1" started-at="2022-10-16T10:01:01Z" finished-at="2022-10-16T10:01:01Z">
          <reporter-output>
          </reporter-output>
        </test-method> <!-- tset5 -->
        <test-method status="PASS" signature="tset7()[pri:0, instance:com.tst.Testng@59ec2012]" name="tset7" is-config="true" duration-ms="1" started-at="2022-10-16T10:01:01Z" finished-at="2022-10-16T10:01:01Z">
          <reporter-output>
          </reporter-output>
        </test-method> <!-- tset7 -->
        <test-method status="PASS" signature="tset10()[pri:0, instance:com.tst.Testng@59ec2012]" name="tset10" duration-ms="18" started-at="2022-10-16T10:01:01Z" finished-at="2022-10-16T10:01:01Z">
          <reporter-output>
          </reporter-output>
        </test-method> <!-- tset10 -->
        <test-method status="PASS" signature="tset8()[pri:0, instance:com.tst.Testng@59ec2012]" name="tset8" is-config="true" duration-ms="1" started-at="2022-10-16T10:01:01Z" finished-at="2022-10-16T10:01:01Z">
          <reporter-output>
          </reporter-output>
        </test-method> <!-- tset8 -->
        <test-method status="PASS" signature="tset7()[pri:0, instance:com.tst.Testng@59ec2012]" name="tset7" is-config="true" duration-ms="1" started-at="2022-10-16T10:01:01Z" finished-at="2022-10-16T10:01:01Z">
          <reporter-output>
          </reporter-output>
        </test-method> <!-- tset7 -->
        <test-method status="PASS" signature="tset9()[pri:0, instance:com.tst.Testng@59ec2012]" name="tset9" duration-ms="5" started-at="2022-10-16T10:01:01Z" finished-at="2022-10-16T10:01:01Z">
          <reporter-output>
          </reporter-output>
        </test-method> <!-- tset9 -->
        <test-method status="PASS" signature="tset8()[pri:0, instance:com.tst.Testng@59ec2012]" name="tset8" is-config="true" duration-ms="1" started-at="2022-10-16T10:01:01Z" finished-at="2022-10-16T10:01:01Z">
          <reporter-output>
          </reporter-output>
        </test-method> <!-- tset8 -->
        <test-method status="PASS" signature="tset6()[pri:0, instance:com.tst.Testng@59ec2012]" name="tset6" is-config="true" duration-ms="2" started-at="2022-10-16T10:01:01Z" finished-at="2022-10-16T10:01:01Z">
          <reporter-output>
          </reporter-output>
        </test-method> <!-- tset6 -->
        <test-method status="PASS" signature="test4()[pri:0, instance:com.tst.Testng@59ec2012]" name="test4" is-config="true" duration-ms="1" started-at="2022-10-16T10:01:01Z" finished-at="2022-10-16T10:01:01Z">
          <reporter-output>
          </reporter-output>
        </test-method> <!-- test4 -->
        <test-method status="PASS" signature="test2()[pri:0, instance:com.tst.Testng@59ec2012]" name="test2" is-config="true" duration-ms="1" started-at="2022-10-16T10:01:01Z" finished-at="2022-10-16T10:01:01Z">
          <reporter-output>
          </reporter-output>
        </test-method> <!-- test2 -->
      </class> <!-- com.tst.Testng -->
    </test> <!-- Default test -->
  </suite> <!-- Default suite -->
</testng-results>
